Build started 6/11/2015 2:41:48 PM.
     1>Project "C:\Users\Sajjad\OneDrive\References\C++ Advanced Reference\Chapter 2\Excercise 2.10\Excercise 2.10\Excercise 2.10.vcxproj" on node 2 (Build target(s)).
     1>ClCompile:
         C:\Program Files (x86)\Microsoft Visual Studio 12.0\VC\bin\CL.exe /c /ZI /nologo /W3 /WX- /sdl /Od /Oy- /D _MBCS /Gm /EHsc /RTC1 /MDd /GS /fp:precise /Zc:wchar_t /Zc:forScope /Fo"Debug\\" /Fd"Debug\vc120.pdb" /Gd /TP /analyze- /errorReport:prompt Source.cpp
         Source.cpp
     1>c:\users\sajjad\onedrive\references\c++ advanced reference\chapter 2\excercise 2.10\excercise 2.10\source.cpp(11): error C4700: uninitialized local variable 'local_int' used
     1>Done Building Project "C:\Users\Sajjad\OneDrive\References\C++ Advanced Reference\Chapter 2\Excercise 2.10\Excercise 2.10\Excercise 2.10.vcxproj" (Build target(s)) -- FAILED.

Build FAILED.

Time Elapsed 00:00:00.53
