Build started 6/20/2015 1:05:04 PM.
     1>Project "C:\Users\Sajjad\SkyDrive\References\C++ Advanced Reference\Chapter 3\Excercise 3.20\Excercise 3.20\Excercise 3.20.vcxproj" on node 2 (Build target(s)).
     1>Link:
         C:\Program Files (x86)\Microsoft Visual Studio 12.0\VC\bin\link.exe /ERRORREPORT:PROMPT /OUT:"C:\Users\Sajjad\SkyDrive\References\C++ Advanced Reference\Chapter 3\Excercise 3.20\Debug\Excercise 3.20.exe" /INCREMENTAL /NOLOGO kernel32.lib user32.lib gdi32.lib winspool.lib comdlg32.lib advapi32.lib shell32.lib ole32.lib oleaut32.lib uuid.lib odbc32.lib odbccp32.lib /MANIFEST /MANIFESTUAC:"level='asInvoker' uiAccess='false'" /manifest:embed /DEBUG /PDB:"C:\Users\Sajjad\SkyDrive\References\C++ Advanced Reference\Chapter 3\Excercise 3.20\Debug\Excercise 3.20.pdb" /TLBID:1 /DYNAMICBASE /NXCOMPAT /IMPLIB:"C:\Users\Sajjad\SkyDrive\References\C++ Advanced Reference\Chapter 3\Excercise 3.20\Debug\Excercise 3.20.lib" /MACHINE:X86 Debug\Source.obj
     1>LINK : fatal error LNK1104: cannot open file 'C:\Users\Sajjad\SkyDrive\References\C++ Advanced Reference\Chapter 3\Excercise 3.20\Debug\Excercise 3.20.exe'
     1>Done Building Project "C:\Users\Sajjad\SkyDrive\References\C++ Advanced Reference\Chapter 3\Excercise 3.20\Excercise 3.20\Excercise 3.20.vcxproj" (Build target(s)) -- FAILED.

Build FAILED.

Time Elapsed 00:00:00.10
